0 info it worked if it ends with ok
1 verbose cli [ 'D:\\WEB\\nodeJS\\node.exe',
1 verbose cli   'D:\\WEB\\nodeJS\\node_modules\\npm\\bin\\npm-cli.js',
1 verbose cli   'run',
1 verbose cli   'start' ]
2 info using npm@3.10.10
3 info using node@v6.9.5
4 verbose run-script [ 'prestart', 'start', 'poststart' ]
5 info lifecycle express-convenience-stickers@0.0.0~prestart: express-convenience-stickers@0.0.0
6 silly lifecycle express-convenience-stickers@0.0.0~prestart: no script for prestart, continuing
7 info lifecycle express-convenience-stickers@0.0.0~start: express-convenience-stickers@0.0.0
8 verbose lifecycle express-convenience-stickers@0.0.0~start: unsafe-perm in lifecycle true
9 verbose lifecycle express-convenience-stickers@0.0.0~start: PATH: D:\WEB\nodeJS\node_modules\npm\bin\node-gyp-bin;F:\WEB\小项目\express搭建一个便利贴\Express-Convenience-stickers\node_modules\.bin;C:\Users\Administrator\bin;C:\Program Files\Git\mingw64\bin;C:\Program Files\Git\usr\local\bin;C:\Program Files\Git\usr\bin;C:\Program Files\Git\usr\bin;C:\Program Files\Git\mingw64\bin;C:\Program Files\Git\usr\bin;C:\Users\Administrator\bin;C:\Windows\system32;C:\Windows;C:\Windows\System32\Wbem;C:\Windows\System32\WindowsPowerShell\v1.0;D:\WEB\nodeJS;C:\Users\Administrator\AppData\Roaming\npm;C:\Program Files (x86)\Microsoft VS Code\bin;C:\Program Files\Git\usr\bin\vendor_perl;C:\Program Files\Git\usr\bin\core_perl
10 verbose lifecycle express-convenience-stickers@0.0.0~start: CWD: F:\WEB\小项目\express搭建一个便利贴\Express-Convenience-stickers
11 silly lifecycle express-convenience-stickers@0.0.0~start: Args: [ '/d /s /c', 'node ./bin/www' ]
12 silly lifecycle express-convenience-stickers@0.0.0~start: Returned: code: 1  signal: null
13 info lifecycle express-convenience-stickers@0.0.0~start: Failed to exec start script
14 verbose stack Error: express-convenience-stickers@0.0.0 start: `node ./bin/www`
14 verbose stack Exit status 1
14 verbose stack     at EventEmitter.<anonymous> (D:\WEB\nodeJS\node_modules\npm\lib\utils\lifecycle.js:255:16)
14 verbose stack     at emitTwo (events.js:106:13)
14 verbose stack     at EventEmitter.emit (events.js:191:7)
14 verbose stack     at ChildProcess.<anonymous> (D:\WEB\nodeJS\node_modules\npm\lib\utils\spawn.js:40:14)
14 verbose stack     at emitTwo (events.js:106:13)
14 verbose stack     at ChildProcess.emit (events.js:191:7)
14 verbose stack     at maybeClose (internal/child_process.js:877:16)
14 verbose stack     at Process.ChildProcess._handle.onexit (internal/child_process.js:226:5)
15 verbose pkgid express-convenience-stickers@0.0.0
16 verbose cwd F:\WEB\小项目\express搭建一个便利贴\Express-Convenience-stickers\model
17 error Windows_NT 6.1.7601
18 error argv "D:\\WEB\\nodeJS\\node.exe" "D:\\WEB\\nodeJS\\node_modules\\npm\\bin\\npm-cli.js" "run" "start"
19 error node v6.9.5
20 error npm  v3.10.10
21 error code ELIFECYCLE
22 error express-convenience-stickers@0.0.0 start: `node ./bin/www`
22 error Exit status 1
23 error Failed at the express-convenience-stickers@0.0.0 start script 'node ./bin/www'.
23 error Make sure you have the latest version of node.js and npm installed.
23 error If you do, this is most likely a problem with the express-convenience-stickers package,
23 error not with npm itself.
23 error Tell the author that this fails on your system:
23 error     node ./bin/www
23 error You can get information on how to open an issue for this project with:
23 error     npm bugs express-convenience-stickers
23 error Or if that isn't available, you can get their info via:
23 error     npm owner ls express-convenience-stickers
23 error There is likely additional logging output above.
24 verbose exit [ 1, true ]
